{
    "FunctionName": "hello-cli",
    "FunctionArn": "arn:aws:lambda:us-east-2:025001505033:function:hello-cli",
    "Runtime": "nodejs18.x",
    "Role": "arn:aws:iam::025001505033:role/lambda-exemplo3",
    "Handler": "index.handler",
    "CodeSize": 333,
    "Description": "",
    "Timeout": 3,
    "MemorySize": 128,
    "LastModified": "2023-10-25T00:24:32.143+0000",
    "CodeSha256": "pLmH2SiLui96cXRFKU4FhKVeZ5Uz82YsoJKs0hmUWpo=",
    "Version": "$LATEST",
    "TracingConfig": {
        "Mode": "PassThrough"
    },
    "RevisionId": "d56e565a-4444-4d16-81ab-11ef3dc6e4bd",
    "State": "Pending",
    "StateReason": "The function is being created.",
    "StateReasonCode": "Creating",
    "PackageType": "Zip",
    "Architectures": [
        "x86_64"
    ],
    "EphemeralStorage": {
        "Size": 512
    },
    "SnapStart": {
        "ApplyOn": "None",
        "OptimizationStatus": "Off"
    },
    "RuntimeVersionConfig": {
        "RuntimeVersionArn": "arn:aws:lambda:us-east-2::runtime:8ed78fdc4678dbafe30d2afe48bcfb27097048de7858a6fbbba5d19fdc3419db"
    }
}
